[debug] [2024-01-30T13:08:53.030Z] ----------------------------------------------------------------------
[debug] [2024-01-30T13:08:53.033Z] Command:       C:\Program Files\nodejs\node.exe C:\Users\stcfr\AppData\Roaming\npm\node_modules\firebase-tools\lib\bin\firebase.js init hosting
[debug] [2024-01-30T13:08:53.033Z] CLI Version:   13.1.0
[debug] [2024-01-30T13:08:53.034Z] Platform:      win32
[debug] [2024-01-30T13:08:53.034Z] Node Version:  v20.11.0
[debug] [2024-01-30T13:08:53.034Z] Time:          Tue Jan 30 2024 21:08:53 GMT+0800 (Malaysia Time)
[debug] [2024-01-30T13:08:53.034Z] ----------------------------------------------------------------------
[debug] 
[debug] [2024-01-30T13:08:53.040Z] > command requires scopes: ["email","openid","https://www.googleapis.com/auth/cloudplatformprojects.readonly","https://www.googleapis.com/auth/firebase","https://www.googleapis.com/auth/cloud-platform"]
[debug] [2024-01-30T13:08:53.041Z] > authorizing via signed-in user (stcfrantic@gmail.com)
[info] 
     ######## #### ########  ######## ########     ###     ######  ########
     ##        ##  ##     ## ##       ##     ##  ##   ##  ##       ##
     ######    ##  ########  ######   ########  #########  ######  ######
     ##        ##  ##    ##  ##       ##     ## ##     ##       ## ##
     ##       #### ##     ## ######## ########  ##     ##  ######  ########

You're about to initialize a Firebase project in this directory:

  C:\Users\stcfr\Desktop\CAT

[info] 
=== Project Setup
[info] 
[info] First, let's associate this project directory with a Firebase project.
[info] You can create multiple project aliases by running firebase use --add, 
[info] but for now we'll just set up a default project.
[info] 
[debug] [2024-01-30T13:08:58.689Z] >>> [apiv2][query] GET https://firebase.googleapis.com/v1beta1/projects pageSize=100
[debug] [2024-01-30T13:08:59.493Z] <<< [apiv2][status] GET https://firebase.googleapis.com/v1beta1/projects 200
[debug] [2024-01-30T13:08:59.494Z] <<< [apiv2][body] GET https://firebase.googleapis.com/v1beta1/projects [omitted]
[info] i  Using project aquaspectra-202be (AquaSpectra) 
[info] 
=== Hosting Setup
[debug] [2024-01-30T13:09:00.438Z] >>> [apiv2][query] GET https://firebase.googleapis.com/v1beta1/projects/aquaspectra-202be [none]
[debug] [2024-01-30T13:09:00.706Z] <<< [apiv2][status] GET https://firebase.googleapis.com/v1beta1/projects/aquaspectra-202be 200
[debug] [2024-01-30T13:09:00.706Z] <<< [apiv2][body] GET https://firebase.googleapis.com/v1beta1/projects/aquaspectra-202be {"projectId":"aquaspectra-202be","projectNumber":"319289399098","displayName":"AquaSpectra","name":"projects/aquaspectra-202be","resources":{"hostingSite":"aquaspectra-202be","realtimeDatabaseInstance":"aquaspectra-202be-default-rtdb"},"state":"ACTIVE","etag":"1_80377c00-d4fd-484c-9b8a-428b959c6d82"}
[info] 
[info] Your public directory is the folder (relative to your project directory) that
[info] will contain Hosting assets to be uploaded with firebase deploy. If you
[info] have a build process for your assets, use your build's output directory.
[info] 
[debug] [2024-01-30T13:09:15.733Z] >>> [apiv2][query] GET https://www.gstatic.com/firebasejs/releases.json [none]
[debug] [2024-01-30T13:09:15.879Z] <<< [apiv2][status] GET https://www.gstatic.com/firebasejs/releases.json 200
[debug] [2024-01-30T13:09:15.879Z] <<< [apiv2][body] GET https://www.gstatic.com/firebasejs/releases.json {"current":{"version":"10.7.2","browserURL":"https://www.gstatic.com/firebasejs/10.7.2/firebase.js","packageURL":"https://www.gstatic.com/firebasejs/10.7.2/firebase.tgz"},"live":{"version":"10.7","browserURL":"https://www.gstatic.com/firebasejs/live/10.7/firebase.js","packageURL":"https://www.gstatic.com/firebasejs/live/10.7/firebase.tgz"},"components":{"analytics":"https://www.gstatic.com/firebasejs/10.7.2/firebase-analytics.js","app":"https://www.gstatic.com/firebasejs/10.7.2/firebase-app.js","app-check":"https://www.gstatic.com/firebasejs/10.7.2/firebase-app-check.js","auth":"https://www.gstatic.com/firebasejs/10.7.2/firebase-auth.js","auth/cordova":"https://www.gstatic.com/firebasejs/10.7.2/firebase-auth/cordova.js","functions":"https://www.gstatic.com/firebasejs/10.7.2/firebase-functions.js","firestore":"https://www.gstatic.com/firebasejs/10.7.2/firebase-firestore.js","firestore/lite":"https://www.gstatic.com/firebasejs/10.7.2/firebase-firestore/lite.js","installations":"https://www.gstatic.com/firebasejs/10.7.2/firebase-installations.js","storage":"https://www.gstatic.com/firebasejs/10.7.2/firebase-storage.js","performance":"https://www.gstatic.com/firebasejs/10.7.2/firebase-performance.js","remote-config":"https://www.gstatic.com/firebasejs/10.7.2/firebase-remote-config.js","messaging":"https://www.gstatic.com/firebasejs/10.7.2/firebase-messaging.js","messaging/sw":"https://www.gstatic.com/firebasejs/10.7.2/firebase-messaging/sw.js","database":"https://www.gstatic.com/firebasejs/10.7.2/firebase-database.js","firestore.memory":"https://www.gstatic.com/firebasejs/10.7.2/firebase-firestore.memory.js"}}
[info] +  Wrote public/index.html 
[info] 
[info] i  Didn't detect a .git folder. Assuming C:\Users\stcfr\Desktop\CAT is the project root. 
[info] i  Authorizing with GitHub to upload your service account to a GitHub repository's secrets store. 
[info] 
[info] Visit this URL on this device to log in:
[info] https://github.com/login/oauth/authorize?client_id=89cf50f02ac6aaed3484&state=253337420&redirect_uri=http%3A%2F%2Flocalhost%3A9005&scope=read%3Auser%20repo%20public_repo
[info] 
[info] Waiting for authentication...
